<?xml version="1.0" encoding="UTF-8"?>
<!-- Generated by org.testng.reporters.JUnitXMLReporter -->
<testsuite hostname="DESKTOP-GAMJ8L6" ignored="0" name="Test" tests="1" failures="1" timestamp="15 Mar 2019 13:03:42 GMT" time="10.205" errors="0">
  <testcase name="launchbrowres" time="0.102" classname="Scripts.validLogin">
    <failure type="org.openqa.selenium.UnsupportedCommandException" message="&amp;lt;!DOCTYPE HTML PUBLIC &amp;quot;-//W3C//DTD HTML 4.01 Transitional//EN&amp;quot;&amp;gt;
&amp;lt;!-- $Id: Error.jsp,v 1.2 2006/03/03 06:41:45 sperumal Exp $--&amp;gt;
&amp;lt;html&amp;gt;
&amp;lt;head&amp;gt;
  &amp;lt;title&amp;gt;Zoho CRM - Error&amp;lt;/title&amp;gt;
  &amp;lt;meta http-equiv=&amp;quot;Content-Type&amp;quot;
 content=&amp;quot;text/html; charset=iso-8859-1&amp;quot;&amp;gt;
  &amp;lt;meta http-equiv=&amp;quot;Pragma&amp;quot; content=&amp;quot;no-cache&amp;quot;&amp;gt;
  &amp;lt;link href=&amp;quot;/crm/css/blue_banner.css&amp;quot; rel=&amp;quot;stylesheet&amp;quot; type=&amp;quot;text/css&amp;quot;&amp;gt;
&amp;lt;/head&amp;gt;
&amp;lt;body leftmargin=&amp;quot;0&amp;quot; topmargin=&amp;quot;0&amp;quot; class=&amp;quot;bodyBg&amp;quot; marginheight=&amp;quot;0&amp;quot;
 marginwidth=&amp;quot;0&amp;quot;&amp;gt;
&amp;lt;table width=&amp;quot;98%&amp;quot; height=&amp;quot;100%&amp;quot; border=&amp;quot;0&amp;quot; align=&amp;quot;center&amp;quot;
 cellpadding=&amp;quot;0&amp;quot; cellspacing=&amp;quot;0&amp;quot;
 style=&amp;quot;background-color: rgb(255, 255, 255);&amp;quot;&amp;gt;
  &amp;lt;tbody&amp;gt;
    &amp;lt;tr&amp;gt;
      &amp;lt;td height=&amp;quot;400&amp;quot; align=&amp;quot;center&amp;quot; valign=&amp;quot;middle&amp;quot;
 class=&amp;quot;layoutBorder&amp;quot; style=&amp;quot;padding-bottom: 10px;&amp;quot;&amp;gt;
      &amp;lt;table border=&amp;quot;0&amp;quot; cellpadding=&amp;quot;0&amp;quot; cellspacing=&amp;quot;0&amp;quot; width=&amp;quot;670&amp;quot;&amp;gt;
        &amp;lt;tbody&amp;gt;
          &amp;lt;tr align=&amp;quot;left&amp;quot;&amp;gt;
            &amp;lt;td class=&amp;quot;signinTxt&amp;quot; style=&amp;quot;color: rgb(0, 0, 0);&amp;quot;&amp;gt;
            &amp;lt;table border=&amp;quot;0&amp;quot; cellspacing=&amp;quot;0&amp;quot; cellpadding=&amp;quot;0&amp;quot;
 width=&amp;quot;100%&amp;quot; background=&amp;quot;/crm/images/genPgBg.gif&amp;quot;&amp;gt;
              &amp;lt;tbody&amp;gt;
                &amp;lt;tr&amp;gt;
                  &amp;lt;td&amp;gt;&amp;lt;img src=&amp;quot;/crm/images/genPgLeft.gif&amp;quot;&amp;gt;&amp;lt;/td&amp;gt;
                  &amp;lt;td&amp;gt;&amp;lt;img src=&amp;quot;/crm/images/genPgLogo.gif&amp;quot;
 alt=&amp;quot;Zoho CRM&amp;quot; title=&amp;quot;Zoho CRM&amp;quot; border=&amp;quot;0&amp;quot;&amp;gt;&amp;lt;/td&amp;gt;
                  &amp;lt;td&amp;gt;&amp;lt;img src=&amp;quot;/crm/images/genPgError.gif&amp;quot;
 alt=&amp;quot;Errors&amp;quot; title=&amp;quot;Errors&amp;quot; style=&amp;quot;border: 0px solid ;&amp;quot;&amp;gt;&amp;lt;/td&amp;gt;
                  &amp;lt;td width=&amp;quot;100%&amp;quot; align=&amp;quot;right&amp;quot; class=&amp;quot;normalTxt&amp;quot;&amp;gt; &amp;lt;br&amp;gt;
                  &amp;lt;/td&amp;gt;
                &amp;lt;/tr&amp;gt;
              &amp;lt;/tbody&amp;gt;
            &amp;lt;/table&amp;gt;
            &amp;lt;/td&amp;gt;
            &amp;lt;td align=&amp;quot;right&amp;quot; nowrap=&amp;quot;nowrap&amp;quot; valign=&amp;quot;middle&amp;quot;&amp;gt; &amp;lt;br&amp;gt;
            &amp;lt;/td&amp;gt;
          &amp;lt;/tr&amp;gt;
          &amp;lt;tr&amp;gt;
            &amp;lt;td height=&amp;quot;180&amp;quot; colspan=&amp;quot;2&amp;quot; align=&amp;quot;center&amp;quot; valign=&amp;quot;top&amp;quot;&amp;gt;
            &amp;lt;table border=&amp;quot;0&amp;quot; cellpadding=&amp;quot;0&amp;quot; cellspacing=&amp;quot;0&amp;quot;
 width=&amp;quot;100%&amp;quot;&amp;gt;
              &amp;lt;tbody&amp;gt;
                &amp;lt;tr&amp;gt;
                  &amp;lt;td align=&amp;quot;left&amp;quot; valign=&amp;quot;top&amp;quot;&amp;gt;
                  &amp;lt;table cellpadding=&amp;quot;5&amp;quot; cellspacing=&amp;quot;5&amp;quot; width=&amp;quot;100%&amp;quot;
 style=&amp;quot;border-top: 1px solid rgb(204, 204, 204);&amp;quot;&amp;gt;
                    &amp;lt;tbody&amp;gt;
                      &amp;lt;tr&amp;gt;
                        &amp;lt;td class=&amp;quot;NormalTxt&amp;quot;&amp;gt;&amp;lt;br&amp;gt;
                        &amp;lt;div align=&amp;quot;center&amp;quot;&amp;gt;&amp;lt;b&amp;gt;Sorry, the page you have requested was not found.&amp;lt;/b&amp;gt;
                        &amp;lt;/div&amp;gt;
                        &amp;lt;/td&amp;gt;
                      &amp;lt;/tr&amp;gt;
                      &amp;lt;tr&amp;gt;
                        &amp;lt;td height=&amp;quot;73&amp;quot; align=&amp;quot;center&amp;quot; class=&amp;quot;NormalTxt&amp;quot;&amp;gt;&amp;lt;br&amp;gt;
Please check the URL for proper spelling and capitalization.&amp;lt;br&amp;gt;
                        &amp;lt;br&amp;gt;
If you&amp;apos;re having trouble locating a destination on Zoho CRM, try
visiting the Zoho CRM home page.&amp;lt;br&amp;gt;
                        &amp;lt;br&amp;gt;
Go to &amp;lt;a href=&amp;quot;/crm/ShowHomePage.do&amp;quot;&amp;gt;Home Page&amp;lt;/a&amp;gt;
                        &amp;lt;br&amp;gt;
                        &amp;lt;br&amp;gt;
                        &amp;lt;br&amp;gt;
                        &amp;lt;br&amp;gt;
                        &amp;lt;/td&amp;gt;
                      &amp;lt;/tr&amp;gt;
                    &amp;lt;/tbody&amp;gt;
                  &amp;lt;/table&amp;gt;
                  &amp;lt;/td&amp;gt;
                &amp;lt;/tr&amp;gt;
              &amp;lt;/tbody&amp;gt;
            &amp;lt;/table&amp;gt;
            &amp;lt;/td&amp;gt;
          &amp;lt;/tr&amp;gt;
          &amp;lt;tr&amp;gt;
            &amp;lt;td height=&amp;quot;50&amp;quot; colspan=&amp;quot;2&amp;quot;&amp;gt;&amp;lt;br&amp;gt;
            &amp;lt;/td&amp;gt;
          &amp;lt;/tr&amp;gt;
        &amp;lt;/tbody&amp;gt;
      &amp;lt;/table&amp;gt;
      &amp;lt;/td&amp;gt;
    &amp;lt;/tr&amp;gt;
  &amp;lt;/tbody&amp;gt;
&amp;lt;/table&amp;gt;
&amp;lt;/body&amp;gt;
&amp;lt;/html&amp;gt;

Command duration or timeout: 75 milliseconds
Build info: version: &amp;apos;2.43.1&amp;apos;, revision: &amp;apos;5163bceef1bc36d43f3dc0b83c88998168a363a0&amp;apos;, time: &amp;apos;2014-09-10 09:43:55&amp;apos;
System info: host: &amp;apos;DESKTOP-GAMJ8L6&amp;apos;, ip: &amp;apos;192.168.58.1&amp;apos;, os.name: &amp;apos;Windows 10&amp;apos;, os.arch: &amp;apos;amd64&amp;apos;, os.version: &amp;apos;10.0&amp;apos;, java.version: &amp;apos;1.8.0_201&amp;apos;
Driver info: org.openqa.selenium.remote.RemoteWebDriver">
      <![CDATA[org.openqa.selenium.UnsupportedCommandException: <!DOCTYPE HTML PUBLIC "-//W3C//DTD HTML 4.01 Transitional//EN">
<!-- $Id: Error.jsp,v 1.2 2006/03/03 06:41:45 sperumal Exp $-->
<html>
<head>
  <title>Zoho CRM - Error</title>
  <meta http-equiv="Content-Type"
 content="text/html; charset=iso-8859-1">
  <meta http-equiv="Pragma" content="no-cache">
  <link href="/crm/css/blue_banner.css" rel="stylesheet" type="text/css">
</head>
<body leftmargin="0" topmargin="0" class="bodyBg" marginheight="0"
 marginwidth="0">
<table width="98%" height="100%" border="0" align="center"
 cellpadding="0" cellspacing="0"
 style="background-color: rgb(255, 255, 255);">
  <tbody>
    <tr>
      <td height="400" align="center" valign="middle"
 class="layoutBorder" style="padding-bottom: 10px;">
      <table border="0" cellpadding="0" cellspacing="0" width="670">
        <tbody>
          <tr align="left">
            <td class="signinTxt" style="color: rgb(0, 0, 0);">
            <table border="0" cellspacing="0" cellpadding="0"
 width="100%" background="/crm/images/genPgBg.gif">
              <tbody>
                <tr>
                  <td><img src="/crm/images/genPgLeft.gif"></td>
                  <td><img src="/crm/images/genPgLogo.gif"
 alt="Zoho CRM" title="Zoho CRM" border="0"></td>
                  <td><img src="/crm/images/genPgError.gif"
 alt="Errors" title="Errors" style="border: 0px solid ;"></td>
                  <td width="100%" align="right" class="normalTxt"> <br>
                  </td>
                </tr>
              </tbody>
            </table>
            </td>
            <td align="right" nowrap="nowrap" valign="middle"> <br>
            </td>
          </tr>
          <tr>
            <td height="180" colspan="2" align="center" valign="top">
            <table border="0" cellpadding="0" cellspacing="0"
 width="100%">
              <tbody>
                <tr>
                  <td align="left" valign="top">
                  <table cellpadding="5" cellspacing="5" width="100%"
 style="border-top: 1px solid rgb(204, 204, 204);">
                    <tbody>
                      <tr>
                        <td class="NormalTxt"><br>
                        <div align="center"><b>Sorry, the page you have requested was not found.</b>
                        </div>
                        </td>
                      </tr>
                      <tr>
                        <td height="73" align="center" class="NormalTxt"><br>
Please check the URL for proper spelling and capitalization.<br>
                        <br>
If you're having trouble locating a destination on Zoho CRM, try
visiting the Zoho CRM home page.<br>
                        <br>
Go to <a href="/crm/ShowHomePage.do">Home Page</a>
                        <br>
                        <br>
                        <br>
                        <br>
                        </td>
                      </tr>
                    </tbody>
                  </table>
                  </td>
                </tr>
              </tbody>
            </table>
            </td>
          </tr>
          <tr>
            <td height="50" colspan="2"><br>
            </td>
          </tr>
        </tbody>
      </table>
      </td>
    </tr>
  </tbody>
</table>
</body>
</html>

Command duration or timeout: 75 milliseconds
Build info: version: '2.43.1', revision: '5163bceef1bc36d43f3dc0b83c88998168a363a0', time: '2014-09-10 09:43:55'
System info: host: 'DESKTOP-GAMJ8L6', ip: '192.168.58.1', os.name: 'Windows 10', os.arch: 'amd64', os.version: '10.0', java.version: '1.8.0_201'
Driver info: org.openqa.selenium.remote.RemoteWebDriver
at org.openqa.selenium.remote.ErrorHandler.createThrowable(ErrorHandler.java:204)
at org.openqa.selenium.remote.ErrorHandler.throwIfResponseFailed(ErrorHandler.java:156)
at org.openqa.selenium.remote.RemoteWebDriver.execute(RemoteWebDriver.java:599)
at org.openqa.selenium.remote.RemoteWebDriver.startSession(RemoteWebDriver.java:240)
at org.openqa.selenium.remote.RemoteWebDriver.<init>(RemoteWebDriver.java:126)
at org.openqa.selenium.remote.RemoteWebDriver.<init>(RemoteWebDriver.java:153)
at Scripts.validLogin.launchbrowres(validLogin.java:33)
... Removed 29 stack frames]]>
    </failure>
  </testcase> <!-- launchbrowres -->
</testsuite> <!-- Test -->
